0 info it worked if it ends with ok
1 verbose cli [ '/usr/local/bin/node', '/usr/local/bin/npm', 'start' ]
2 info using npm@3.10.10
3 info using node@v6.10.1
4 verbose run-script [ 'prestart', 'start', 'poststart' ]
5 info lifecycle TownSuite@0.0.0~prestart: TownSuite@0.0.0
6 silly lifecycle TownSuite@0.0.0~prestart: no script for prestart, continuing
7 info lifecycle TownSuite@0.0.0~start: TownSuite@0.0.0
8 verbose lifecycle TownSuite@0.0.0~start: unsafe-perm in lifecycle true
9 verbose lifecycle TownSuite@0.0.0~start: PATH: /usr/local/lib/node_modules/npm/bin/node-gyp-bin:/Users/Hasala/Desktop/node_modules/.bin:/usr/local/var/rbenv/shims:/usr/local/bin:/usr/bin:/bin:/usr/sbin:/sbin:/opt/X11/bin:/Library/Frameworks/Mono.framework/Versions/Current/Commands
10 verbose lifecycle TownSuite@0.0.0~start: CWD: /Users/Hasala/Desktop
11 silly lifecycle TownSuite@0.0.0~start: Args: [ '-c', 'npm install' ]
12 silly lifecycle TownSuite@0.0.0~start: Returned: code: 0  signal: null
13 info lifecycle TownSuite@0.0.0~poststart: TownSuite@0.0.0
14 verbose lifecycle TownSuite@0.0.0~poststart: unsafe-perm in lifecycle true
15 verbose lifecycle TownSuite@0.0.0~poststart: PATH: /usr/local/lib/node_modules/npm/bin/node-gyp-bin:/Users/Hasala/Desktop/node_modules/.bin:/usr/local/var/rbenv/shims:/usr/local/bin:/usr/bin:/bin:/usr/sbin:/sbin:/opt/X11/bin:/Library/Frameworks/Mono.framework/Versions/Current/Commands
16 verbose lifecycle TownSuite@0.0.0~poststart: CWD: /Users/Hasala/Desktop
17 silly lifecycle TownSuite@0.0.0~poststart: Args: [ '-c', 'gulp' ]
18 silly lifecycle TownSuite@0.0.0~poststart: Returned: code: 1  signal: null
19 info lifecycle TownSuite@0.0.0~poststart: Failed to exec poststart script
20 verbose stack Error: TownSuite@0.0.0 poststart: `gulp`
20 verbose stack Exit status 1
20 verbose stack     at EventEmitter.<anonymous> (/usr/local/lib/node_modules/npm/lib/utils/lifecycle.js:255:16)
20 verbose stack     at emitTwo (events.js:106:13)
20 verbose stack     at EventEmitter.emit (events.js:191:7)
20 verbose stack     at ChildProcess.<anonymous> (/usr/local/lib/node_modules/npm/lib/utils/spawn.js:40:14)
20 verbose stack     at emitTwo (events.js:106:13)
20 verbose stack     at ChildProcess.emit (events.js:191:7)
20 verbose stack     at maybeClose (internal/child_process.js:886:16)
20 verbose stack     at Process.ChildProcess._handle.onexit (internal/child_process.js:226:5)
21 verbose pkgid TownSuite@0.0.0
22 verbose cwd /Users/Hasala/Desktop/Prasad/Solid.lk/jetech/j-eTech
23 error Darwin 16.1.0
24 error argv "/usr/local/bin/node" "/usr/local/bin/npm" "start"
25 error node v6.10.1
26 error npm  v3.10.10
27 error code ELIFECYCLE
28 error TownSuite@0.0.0 poststart: `gulp`
28 error Exit status 1
29 error Failed at the TownSuite@0.0.0 poststart script 'gulp'.
29 error Make sure you have the latest version of node.js and npm installed.
29 error If you do, this is most likely a problem with the TownSuite package,
29 error not with npm itself.
29 error Tell the author that this fails on your system:
29 error     gulp
29 error You can get information on how to open an issue for this project with:
29 error     npm bugs TownSuite
29 error Or if that isn't available, you can get their info via:
29 error     npm owner ls TownSuite
29 error There is likely additional logging output above.
30 verbose exit [ 1, true ]
